   1              	
   2              		.equ	ROWS, 		25		# number of rows
   3              		.equ	COLS, 		80		# number of columns
   4              	
   5              		.equ	CHARBYTES,	2		# total #bytes per char
   6              		.equ	ROWBYTES,	COLS*CHARBYTES	# total #bytes per row
   7              		.equ	SCREENBYTES,	ROWS*ROWBYTES	# total #bytes per screen
   8              	
   9              		.equ	SPACE,		32		# blank space
  10              		.equ	NEWLINE,	'\n'		# newline character
  11              	
  12              		.equ	DEFAULT_ATTR, 	0x2e		# PSU Green
  13              	
  14              		.data
  15              	
  16              	        # Reserve space for a video ram frame buffer with
  17              	        # 25 rows; 80 columns; and one code and one attribute
  18              	        # byte per character.
  19              		.globl  video
  20              		.align	4
  21 0000 00000000 	video:	.space	SCREENBYTES
  21      00000000 
  21      00000000 
  21      00000000 
  21      00000000 
  22              	
  23              	        # Some variables to hold the current row, column, and
  24              		# video attribute:
  25              		.align	4
  26 0fa0 00000000 	row:	.long	0		# we will only use the least significant
  27 0fa4 00000000 	col:	.long	0		# bytes of these variables
  28 0fa8 00000000 	attr:	.long	0
  29              	
  30              		.text
  31              	
  32              		# Clear the screen, setting all characters to SPACE
  33              	        # using the DEFAULT_ATTR attribute.
  34              		.globl	cls
  35 0000 55       	cls:	pushl	%ebp
  36 0001 89E5     		    movl	%esp, %ebp
  37              		    # Fill me in!
  38              	
  39 0003 B9E80300 	        movl $(SCREENBYTES/4), %ecx
  39      00
  40 0008 49       	        decl %ecx
  41 0009 BA000000 	        movl $video, %edx           # need $ sign to read address of video
  41      00
  42              	        .equ HALF, (DEFAULT_ATTR<<8) | SPACE
  43              	        .equ FULL, (HALF<<16) | HALF
  44              	
  45              	1:      
  46 000e C702202E 	        movl $FULL, (%edx)
  46      202E
  47 0014 83C204   	        addl $4, %edx
  48 0017 49       	        decl %ecx
  49 0018 75F4     	        jnz 1b 
  50              	
  51              	
  52              	
  53 001a 89EC     		movl	%ebp, %esp
  54 001c 5D       		popl	%ebp
  55 001d C3       		ret
  56              	
  57              		# Set the video attribute for characters output using outc.
  58              		.globl	setAttr
  59 001e 55       	setAttr:pushl	%ebp
  60 001f 89E5     		movl	%esp, %ebp
  61              		# Fill me in!
  62 0021 89EC     		movl	%ebp, %esp
  63 0023 5D       		popl	%ebp
  64 0024 C3       		ret
  65              	
  66              		# Output a single character at the current row and col position
  67              		# on screen, advancing the cursor coordinates and scrolling the
  68              		# screen as appropriate.  Special treatment is provided for
  69              	        # NEWLINE characters, moving the "cursor" to the start of the
  70              		# "next line".
  71              		.globl	outc
  72 0025 55       	outc:	pushl	%ebp
  73 0026 89E5     		movl	%esp, %ebp
  74              		# Fill me in!
  75 0028 89EC     		movl	%ebp, %esp
  76 002a 5D       		popl	%ebp
  77 002b C3       		ret
  78              	
  79              		# Output an unsigned numeric value as a sequence of 8 hex digits.
  80              		.globl	outhex
  81 002c 55       	outhex:	pushl	%ebp
  82 002d 89E5     		movl	%esp, %ebp
  83              		# Fill me in!
  84 002f 89EC     		movl	%ebp, %esp
  85 0031 5D       		popl	%ebp
  86 0032 C3       		ret
  87              	
DEFINED SYMBOLS
          videoasm.s:2      *ABS*:0000000000000019 ROWS
          videoasm.s:3      *ABS*:0000000000000050 COLS
          videoasm.s:5      *ABS*:0000000000000002 CHARBYTES
          videoasm.s:6      *ABS*:00000000000000a0 ROWBYTES
          videoasm.s:7      *ABS*:0000000000000fa0 SCREENBYTES
          videoasm.s:9      *ABS*:0000000000000020 SPACE
          videoasm.s:10     *ABS*:000000000000000a NEWLINE
          videoasm.s:12     *ABS*:000000000000002e DEFAULT_ATTR
          videoasm.s:21     .data:0000000000000000 video
          videoasm.s:26     .data:0000000000000fa0 row
          videoasm.s:27     .data:0000000000000fa4 col
          videoasm.s:28     .data:0000000000000fa8 attr
          videoasm.s:35     .text:0000000000000000 cls
          videoasm.s:42     *ABS*:0000000000002e20 HALF
          videoasm.s:43     *ABS*:000000002e202e20 FULL
          videoasm.s:59     .text:000000000000001e setAttr
          videoasm.s:72     .text:0000000000000025 outc
          videoasm.s:81     .text:000000000000002c outhex

NO UNDEFINED SYMBOLS
